Fri, 21 Jul 2017 09:01:40 +0200 [::1] Array
(
    [status] => Internal Server Error
    [code] => 500
    [text] => Fatal error: syntax error, unexpected ')'
    [trace] => [C:/xampp/htdocs/ytpl/classes/video.php:46] 

    [level] => 0
)
Fri, 21 Jul 2017 09:02:59 +0200 [::1] Array
(
    [status] => Internal Server Error
    [code] => 500
    [text] => Fatal error: syntax error, unexpected ')'
    [trace] => [C:/xampp/htdocs/ytpl/classes/video.php:46] 

    [level] => 0
)
Fri, 21 Jul 2017 09:03:37 +0200 [::1] Array
(
    [status] => Internal Server Error
    [code] => 500
    [text] => Fatal error: syntax error, unexpected ')'
    [trace] => [C:/xampp/htdocs/ytpl/classes/video.php:46] 

    [level] => 0
)
Fri, 21 Jul 2017 09:03:47 +0200 [::1] Array
(
    [status] => Internal Server Error
    [code] => 500
    [text] => Fatal error: syntax error, unexpected ')'
    [trace] => [C:/xampp/htdocs/ytpl/classes/video.php:46] 

    [level] => 0
)
Fri, 21 Jul 2017 09:04:35 +0200 [::1] Array
(
    [status] => Internal Server Error
    [code] => 500
    [text] => Fatal error: syntax error, unexpected ')'
    [trace] => [C:/xampp/htdocs/ytpl/classes/video.php:46] 

    [level] => 0
)
Fri, 21 Jul 2017 09:04:43 +0200 [::1] Array
(
    [status] => Internal Server Error
    [code] => 500
    [text] => Fatal error: syntax error, unexpected ')'
    [trace] => [C:/xampp/htdocs/ytpl/classes/video.php:46] 

    [level] => 0
)
Fri, 21 Jul 2017 09:04:56 +0200 [::1] Array
(
    [status] => Internal Server Error
    [code] => 500
    [text] => Fatal error: syntax error, unexpected ')'
    [trace] => [C:/xampp/htdocs/ytpl/classes/video.php:46] 

    [level] => 0
)
Fri, 21 Jul 2017 09:05:02 +0200 [::1] Array
(
    [status] => Internal Server Error
    [code] => 500
    [text] => Fatal error: syntax error, unexpected ')'
    [trace] => [C:/xampp/htdocs/ytpl/classes/video.php:46] 

    [level] => 0
)
Fri, 21 Jul 2017 09:05:44 +0200 [::1] Array
(
    [status] => Internal Server Error
    [code] => 500
    [text] => Fatal error: syntax error, unexpected ')'
    [trace] => [C:/xampp/htdocs/ytpl/classes/video.php:46] 

    [level] => 0
)
Fri, 21 Jul 2017 09:06:42 +0200 [::1] Array
(
    [status] => Internal Server Error
    [code] => 500
    [text] => Fatal error: syntax error, unexpected ')'
    [trace] => [C:/xampp/htdocs/ytpl/classes/video.php:46] 

    [level] => 0
)
Fri, 21 Jul 2017 09:08:15 +0200 [::1] Array
(
    [status] => Internal Server Error
    [code] => 500
    [text] => Fatal error: syntax error, unexpected ')'
    [trace] => [C:/xampp/htdocs/ytpl/classes/video.php:46] 

    [level] => 0
)
Fri, 21 Jul 2017 09:08:25 +0200 [::1] Array
(
    [status] => Internal Server Error
    [code] => 500
    [text] => Fatal error: syntax error, unexpected ')'
    [trace] => [C:/xampp/htdocs/ytpl/classes/video.php:46] 

    [level] => 0
)
Fri, 21 Jul 2017 09:09:36 +0200 [::1] Array
(
    [status] => Internal Server Error
    [code] => 500
    [text] => Fatal error: syntax error, unexpected ')'
    [trace] => [C:/xampp/htdocs/ytpl/classes/video.php:46] 

    [level] => 0
)
